<?xml version="1.0" encoding="UTF-8"?>
<testng-results skipped="0" failed="0" ignored="0" total="1" passed="1">
  <reporter-output>
  </reporter-output>
  <suite name="Default suite" duration-ms="2959" started-at="2019-12-08T19:05:05Z" finished-at="2019-12-08T19:05:08Z">
    <groups>
    </groups>
    <test name="Default test" duration-ms="2959" started-at="2019-12-08T19:05:05Z" finished-at="2019-12-08T19:05:08Z">
      <class name="com.qa.restassured.LoadUser">
        <test-method status="PASS" signature="postReq()[pri:0, instance:com.qa.restassured.LoadUser@239963d8]" name="postReq" duration-ms="2919" started-at="2019-12-08T19:05:05Z" finished-at="2019-12-08T19:05:08Z">
          <reporter-output>
          </reporter-output>
        </test-method> <!-- postReq -->
      </class> <!-- com.qa.restassured.LoadUser -->
    </test> <!-- Default test -->
  </suite> <!-- Default suite -->
</testng-results>
